mode: set
github.com/etboye/calculator/api/compute.go:29.98,33.2 1 0
github.com/etboye/calculator/api/compute.go:35.116,37.40 2 0
github.com/etboye/calculator/api/compute.go:37.40,42.3 1 0
github.com/etboye/calculator/api/compute.go:44.2,51.3 2 0
github.com/etboye/calculator/calculation/expressionevaluator.go:33.46,36.2 2 0
github.com/etboye/calculator/calculation/expressionevaluator.go:66.35,67.11 1 0
github.com/etboye/calculator/calculation/expressionevaluator.go:68.13,69.13 1 0
github.com/etboye/calculator/calculation/expressionevaluator.go:70.13,71.13 1 0
github.com/etboye/calculator/calculation/expressionevaluator.go:72.13,73.13 1 0
github.com/etboye/calculator/calculation/expressionevaluator.go:74.13,75.13 1 0
github.com/etboye/calculator/calculation/expressionevaluator.go:77.2,77.31 1 0
github.com/etboye/calculator/calculation/expressionevaluator.go:80.33,81.33 1 0
github.com/etboye/calculator/calculation/expressionevaluator.go:81.33,83.3 1 0
github.com/etboye/calculator/calculation/expressionevaluator.go:83.8,83.37 1 0
github.com/etboye/calculator/calculation/expressionevaluator.go:83.37,85.3 1 0
github.com/etboye/calculator/calculation/expressionevaluator.go:86.2,86.45 1 0
github.com/etboye/calculator/calculation/expressionevaluator.go:89.36,91.2 1 0
github.com/etboye/calculator/calculation/expressionevaluator.go:93.32,95.28 2 0
github.com/etboye/calculator/calculation/expressionevaluator.go:95.28,97.3 1 0
github.com/etboye/calculator/calculation/expressionevaluator.go:98.2,98.31 1 0
github.com/etboye/calculator/calculation/expressionevaluator.go:101.34,103.2 1 0
github.com/etboye/calculator/calculation/expressionevaluator.go:105.38,107.28 2 0
github.com/etboye/calculator/calculation/expressionevaluator.go:107.28,109.3 1 0
github.com/etboye/calculator/calculation/expressionevaluator.go:110.2,110.31 1 0
github.com/etboye/calculator/calculation/expressionevaluator.go:116.64,124.2 5 0
github.com/etboye/calculator/calculation/expressionevaluator.go:126.41,129.16 2 0
github.com/etboye/calculator/calculation/expressionevaluator.go:129.16,131.3 1 0
github.com/etboye/calculator/calculation/expressionevaluator.go:133.2,133.20 1 0
github.com/etboye/calculator/calculation/expressionevaluator.go:133.20,135.3 1 0
github.com/etboye/calculator/calculation/expressionevaluator.go:137.2,137.33 1 0
github.com/etboye/calculator/calculation/expressionevaluator.go:137.33,140.17 2 0
github.com/etboye/calculator/calculation/expressionevaluator.go:140.17,142.4 1 0
github.com/etboye/calculator/calculation/expressionevaluator.go:144.3,144.31 1 0
github.com/etboye/calculator/calculation/expressionevaluator.go:144.31,146.4 1 0
github.com/etboye/calculator/calculation/expressionevaluator.go:146.9,147.45 1 0
github.com/etboye/calculator/calculation/expressionevaluator.go:147.45,149.5 1 0
github.com/etboye/calculator/calculation/expressionevaluator.go:151.4,151.34 1 0
github.com/etboye/calculator/calculation/expressionevaluator.go:155.2,155.20 1 0
github.com/etboye/calculator/calculation/expressionevaluator.go:158.47,161.16 2 0
github.com/etboye/calculator/calculation/expressionevaluator.go:161.16,163.3 1 0
github.com/etboye/calculator/calculation/expressionevaluator.go:165.2,165.20 1 0
github.com/etboye/calculator/calculation/expressionevaluator.go:165.20,167.3 1 0
github.com/etboye/calculator/calculation/expressionevaluator.go:169.2,169.33 1 0
github.com/etboye/calculator/calculation/expressionevaluator.go:169.33,172.17 2 0
github.com/etboye/calculator/calculation/expressionevaluator.go:172.17,174.4 1 0
github.com/etboye/calculator/calculation/expressionevaluator.go:176.3,176.31 1 0
github.com/etboye/calculator/calculation/expressionevaluator.go:176.31,178.4 1 0
github.com/etboye/calculator/calculation/expressionevaluator.go:178.9,180.4 1 0
github.com/etboye/calculator/calculation/expressionevaluator.go:183.2,183.20 1 0
github.com/etboye/calculator/calculation/expressionevaluator.go:186.42,187.30 1 0
github.com/etboye/calculator/calculation/expressionevaluator.go:187.30,189.3 1 0
github.com/etboye/calculator/calculation/expressionevaluator.go:189.8,189.40 1 0
github.com/etboye/calculator/calculation/expressionevaluator.go:189.40,191.3 1 0
github.com/etboye/calculator/calculation/expressionevaluator.go:193.2,193.31 1 0
github.com/etboye/calculator/calculation/expressionevaluator.go:201.53,220.2 3 0
github.com/etboye/calculator/calculation/expressionevaluator.go:222.90,223.46 1 0
github.com/etboye/calculator/calculation/expressionevaluator.go:223.46,228.3 2 0
github.com/etboye/calculator/calculation/expressionevaluator.go:230.2,232.23 2 0
github.com/etboye/calculator/calculation/expressionevaluator.go:232.23,238.3 2 0
github.com/etboye/calculator/calculation/expressionevaluator.go:240.2,245.16 3 0
github.com/etboye/calculator/calculation/expressionevaluator.go:245.16,251.3 2 0
github.com/etboye/calculator/calculation/expressionevaluator.go:253.2,257.16 3 0
github.com/etboye/calculator/calculation/expressionevaluator.go:257.16,263.3 3 0
github.com/etboye/calculator/calculation/expressionevaluator.go:265.2,271.43 2 0
github.com/etboye/calculator/calculation/expressionevaluator.go:274.110,279.31 3 0
github.com/etboye/calculator/calculation/expressionevaluator.go:279.31,281.3 1 0
github.com/etboye/calculator/calculation/expressionevaluator.go:283.2,283.26 1 0
github.com/etboye/calculator/main.go:13.13,22.2 4 0
github.com/etboye/calculator/server/ginserver.go:21.72,28.2 4 0
github.com/etboye/calculator/server/ginserver.go:30.39,40.2 3 0
github.com/etboye/calculator/server/ginserver.go:42.69,43.47 1 0
github.com/etboye/calculator/server/ginserver.go:43.47,46.101 2 0
github.com/etboye/calculator/server/ginserver.go:46.101,51.4 4 0
github.com/etboye/calculator/server/ginserver.go:53.3,54.45 2 0
github.com/etboye/calculator/server/ginserver.go:58.49,62.2 3 0
github.com/etboye/calculator/server/ginserver.go:64.92,66.2 1 0
github.com/etboye/calculator/main.go:13.13,22.2 4 0
github.com/etboye/calculator/api/compute.go:29.98,33.2 1 0
github.com/etboye/calculator/api/compute.go:35.116,37.40 2 0
github.com/etboye/calculator/api/compute.go:37.40,42.3 1 0
github.com/etboye/calculator/api/compute.go:44.2,51.3 2 0
github.com/etboye/calculator/calculation/expressionevaluator.go:33.46,36.2 2 1
github.com/etboye/calculator/calculation/expressionevaluator.go:66.35,67.11 1 1
github.com/etboye/calculator/calculation/expressionevaluator.go:68.13,69.13 1 1
github.com/etboye/calculator/calculation/expressionevaluator.go:70.13,71.13 1 1
github.com/etboye/calculator/calculation/expressionevaluator.go:72.13,73.13 1 1
github.com/etboye/calculator/calculation/expressionevaluator.go:74.13,75.13 1 1
github.com/etboye/calculator/calculation/expressionevaluator.go:77.2,77.31 1 0
github.com/etboye/calculator/calculation/expressionevaluator.go:80.33,81.33 1 1
github.com/etboye/calculator/calculation/expressionevaluator.go:81.33,83.3 1 1
github.com/etboye/calculator/calculation/expressionevaluator.go:83.8,83.37 1 1
github.com/etboye/calculator/calculation/expressionevaluator.go:83.37,85.3 1 1
github.com/etboye/calculator/calculation/expressionevaluator.go:86.2,86.45 1 1
github.com/etboye/calculator/calculation/expressionevaluator.go:89.36,91.2 1 1
github.com/etboye/calculator/calculation/expressionevaluator.go:93.32,95.28 2 1
github.com/etboye/calculator/calculation/expressionevaluator.go:95.28,97.3 1 1
github.com/etboye/calculator/calculation/expressionevaluator.go:98.2,98.31 1 1
github.com/etboye/calculator/calculation/expressionevaluator.go:101.34,103.2 1 1
github.com/etboye/calculator/calculation/expressionevaluator.go:105.38,107.28 2 1
github.com/etboye/calculator/calculation/expressionevaluator.go:107.28,109.3 1 1
github.com/etboye/calculator/calculation/expressionevaluator.go:110.2,110.31 1 1
github.com/etboye/calculator/calculation/expressionevaluator.go:116.64,124.2 5 1
github.com/etboye/calculator/calculation/expressionevaluator.go:126.41,129.16 2 1
github.com/etboye/calculator/calculation/expressionevaluator.go:129.16,131.3 1 0
github.com/etboye/calculator/calculation/expressionevaluator.go:133.2,133.20 1 1
github.com/etboye/calculator/calculation/expressionevaluator.go:133.20,135.3 1 1
github.com/etboye/calculator/calculation/expressionevaluator.go:137.2,137.33 1 1
github.com/etboye/calculator/calculation/expressionevaluator.go:137.33,140.17 2 1
github.com/etboye/calculator/calculation/expressionevaluator.go:140.17,142.4 1 0
github.com/etboye/calculator/calculation/expressionevaluator.go:144.3,144.31 1 1
github.com/etboye/calculator/calculation/expressionevaluator.go:144.31,146.4 1 1
github.com/etboye/calculator/calculation/expressionevaluator.go:146.9,147.45 1 1
github.com/etboye/calculator/calculation/expressionevaluator.go:147.45,149.5 1 1
github.com/etboye/calculator/calculation/expressionevaluator.go:151.4,151.34 1 1
github.com/etboye/calculator/calculation/expressionevaluator.go:155.2,155.20 1 1
github.com/etboye/calculator/calculation/expressionevaluator.go:158.47,161.16 2 1
github.com/etboye/calculator/calculation/expressionevaluator.go:161.16,163.3 1 1
github.com/etboye/calculator/calculation/expressionevaluator.go:165.2,165.20 1 1
github.com/etboye/calculator/calculation/expressionevaluator.go:165.20,167.3 1 1
github.com/etboye/calculator/calculation/expressionevaluator.go:169.2,169.33 1 1
github.com/etboye/calculator/calculation/expressionevaluator.go:169.33,172.17 2 1
github.com/etboye/calculator/calculation/expressionevaluator.go:172.17,174.4 1 0
github.com/etboye/calculator/calculation/expressionevaluator.go:176.3,176.31 1 1
github.com/etboye/calculator/calculation/expressionevaluator.go:176.31,178.4 1 1
github.com/etboye/calculator/calculation/expressionevaluator.go:178.9,180.4 1 1
github.com/etboye/calculator/calculation/expressionevaluator.go:183.2,183.20 1 1
github.com/etboye/calculator/calculation/expressionevaluator.go:186.42,187.30 1 1
github.com/etboye/calculator/calculation/expressionevaluator.go:187.30,189.3 1 1
github.com/etboye/calculator/calculation/expressionevaluator.go:189.8,189.40 1 1
github.com/etboye/calculator/calculation/expressionevaluator.go:189.40,191.3 1 1
github.com/etboye/calculator/calculation/expressionevaluator.go:193.2,193.31 1 1
github.com/etboye/calculator/calculation/expressionevaluator.go:201.53,220.2 3 1
github.com/etboye/calculator/calculation/expressionevaluator.go:222.90,223.46 1 1
github.com/etboye/calculator/calculation/expressionevaluator.go:223.46,228.3 2 0
github.com/etboye/calculator/calculation/expressionevaluator.go:230.2,232.23 2 1
github.com/etboye/calculator/calculation/expressionevaluator.go:232.23,238.3 2 0
github.com/etboye/calculator/calculation/expressionevaluator.go:240.2,245.16 3 1
github.com/etboye/calculator/calculation/expressionevaluator.go:245.16,251.3 2 0
github.com/etboye/calculator/calculation/expressionevaluator.go:253.2,257.16 3 1
github.com/etboye/calculator/calculation/expressionevaluator.go:257.16,263.3 3 1
github.com/etboye/calculator/calculation/expressionevaluator.go:265.2,271.43 2 1
github.com/etboye/calculator/calculation/expressionevaluator.go:274.110,279.31 3 1
github.com/etboye/calculator/calculation/expressionevaluator.go:279.31,281.3 1 1
github.com/etboye/calculator/calculation/expressionevaluator.go:283.2,283.26 1 1
github.com/etboye/calculator/server/ginserver.go:21.72,28.2 4 0
github.com/etboye/calculator/server/ginserver.go:30.39,40.2 3 0
github.com/etboye/calculator/server/ginserver.go:42.69,43.47 1 0
github.com/etboye/calculator/server/ginserver.go:43.47,46.101 2 0
github.com/etboye/calculator/server/ginserver.go:46.101,51.4 4 0
github.com/etboye/calculator/server/ginserver.go:53.3,54.45 2 0
github.com/etboye/calculator/server/ginserver.go:58.49,62.2 3 0
github.com/etboye/calculator/server/ginserver.go:64.92,66.2 1 0
