mode: set
github.com/etboye/calculator/main.go:13.13,18.16 3 0
github.com/etboye/calculator/main.go:18.16,21.3 2 0
github.com/etboye/calculator/main.go:23.2,29.31 3 0
github.com/etboye/calculator/server/ginserver.go:21.72,28.2 4 0
github.com/etboye/calculator/server/ginserver.go:30.39,40.2 3 0
github.com/etboye/calculator/server/ginserver.go:42.69,43.67 1 0
github.com/etboye/calculator/server/ginserver.go:43.67,46.101 2 0
github.com/etboye/calculator/server/ginserver.go:46.101,51.4 4 0
github.com/etboye/calculator/server/ginserver.go:53.3,55.45 3 0
github.com/etboye/calculator/server/ginserver.go:58.2,58.66 1 0
github.com/etboye/calculator/server/ginserver.go:58.66,63.3 4 0
github.com/etboye/calculator/server/ginserver.go:66.49,70.2 3 0
github.com/etboye/calculator/server/ginserver.go:72.92,74.2 1 0
github.com/etboye/calculator/util/panicrecover.go:10.129,11.72 1 0
github.com/etboye/calculator/util/panicrecover.go:11.72,16.3 3 0
github.com/etboye/calculator/util/panicrecover.go:18.2,18.47 1 0
github.com/etboye/calculator/util/panicrecover.go:21.82,24.12 2 0
github.com/etboye/calculator/util/panicrecover.go:24.12,25.16 1 0
github.com/etboye/calculator/util/panicrecover.go:25.16,26.32 1 0
github.com/etboye/calculator/util/panicrecover.go:26.32,29.5 2 0
github.com/etboye/calculator/util/panicrecover.go:32.3,32.11 1 0
github.com/etboye/calculator/util/panicrecover.go:35.2,36.15 2 0
github.com/etboye/calculator/persistence/client.go:52.141,64.2 2 0
github.com/etboye/calculator/persistence/client.go:66.56,76.16 8 0
github.com/etboye/calculator/persistence/client.go:76.16,78.3 1 0
github.com/etboye/calculator/persistence/client.go:80.2,82.69 2 0
github.com/etboye/calculator/persistence/client.go:82.69,90.3 2 0
github.com/etboye/calculator/persistence/client.go:92.2,99.8 1 0
github.com/etboye/calculator/persistence/client.go:102.110,111.2 1 0
github.com/etboye/calculator/persistence/client.go:113.131,116.16 2 0
github.com/etboye/calculator/persistence/client.go:116.16,118.3 1 0
github.com/etboye/calculator/persistence/client.go:120.2,120.30 1 0
github.com/etboye/calculator/persistence/client.go:120.30,127.3 1 0
github.com/etboye/calculator/persistence/client.go:129.2,136.31 5 0
github.com/etboye/calculator/persistence/client.go:136.31,140.90 3 0
github.com/etboye/calculator/persistence/client.go:140.90,142.4 1 0
github.com/etboye/calculator/persistence/client.go:144.3,146.42 2 0
github.com/etboye/calculator/persistence/client.go:146.42,160.4 3 0
github.com/etboye/calculator/persistence/client.go:162.3,162.105 1 0
github.com/etboye/calculator/persistence/client.go:166.2,167.19 2 0
github.com/etboye/calculator/persistence/client.go:167.19,169.3 1 0
github.com/etboye/calculator/persistence/client.go:171.2,173.38 2 0
github.com/etboye/calculator/persistence/client.go:173.38,175.3 1 0
github.com/etboye/calculator/persistence/client.go:177.2,180.19 3 0
github.com/etboye/calculator/persistence/client.go:180.19,182.3 1 0
github.com/etboye/calculator/persistence/client.go:184.2,185.18 2 0
github.com/etboye/calculator/persistence/client.go:185.18,187.3 1 0
github.com/etboye/calculator/persistence/client.go:189.2,195.8 1 0
github.com/etboye/calculator/persistence/client.go:198.120,201.16 2 0
github.com/etboye/calculator/persistence/client.go:201.16,203.3 1 0
github.com/etboye/calculator/persistence/client.go:205.2,208.18 3 0
github.com/etboye/calculator/persistence/client.go:208.18,211.17 2 0
github.com/etboye/calculator/persistence/client.go:211.17,213.4 1 0
github.com/etboye/calculator/persistence/client.go:215.3,215.41 1 0
github.com/etboye/calculator/persistence/client.go:218.2,218.20 1 0
github.com/etboye/calculator/persistence/client.go:221.115,224.16 2 0
github.com/etboye/calculator/persistence/client.go:224.16,226.3 1 0
github.com/etboye/calculator/persistence/client.go:228.2,228.33 1 0
github.com/etboye/calculator/persistence/client.go:228.33,231.3 1 0
github.com/etboye/calculator/persistence/client.go:232.2,232.79 1 0
github.com/etboye/calculator/persistence/client.go:235.120,238.16 2 0
github.com/etboye/calculator/persistence/client.go:238.16,240.3 1 0
github.com/etboye/calculator/persistence/client.go:242.2,242.33 1 0
github.com/etboye/calculator/persistence/client.go:242.33,245.3 1 0
github.com/etboye/calculator/persistence/client.go:246.2,246.79 1 0
github.com/etboye/calculator/persistence/client.go:249.149,258.16 3 0
github.com/etboye/calculator/persistence/client.go:258.16,261.3 2 0
github.com/etboye/calculator/persistence/client.go:263.2,265.18 2 0
github.com/etboye/calculator/persistence/client.go:265.18,268.17 2 0
github.com/etboye/calculator/persistence/client.go:268.17,271.4 2 0
github.com/etboye/calculator/persistence/client.go:273.3,273.44 1 0
github.com/etboye/calculator/persistence/client.go:276.2,276.65 1 0
github.com/etboye/calculator/persistence/client.go:279.51,282.16 3 0
github.com/etboye/calculator/persistence/client.go:282.16,284.3 1 0
github.com/etboye/calculator/persistence/client.go:286.2,286.40 1 0
github.com/etboye/calculator/persistence/client.go:289.30,294.2 3 0
github.com/etboye/calculator/api/compute.go:32.78,38.2 1 0
github.com/etboye/calculator/api/compute.go:40.130,43.35 2 0
github.com/etboye/calculator/api/compute.go:43.35,49.3 2 0
github.com/etboye/calculator/api/compute.go:51.2,52.40 2 0
github.com/etboye/calculator/api/compute.go:52.40,57.3 1 0
github.com/etboye/calculator/api/compute.go:59.2,63.29 3 0
github.com/etboye/calculator/api/compute.go:63.29,69.3 2 0
github.com/etboye/calculator/api/compute.go:71.2,76.3 1 0
github.com/etboye/calculator/api/history.go:31.118,33.2 1 0
github.com/etboye/calculator/api/history.go:35.146,38.35 2 0
github.com/etboye/calculator/api/history.go:38.35,44.3 2 0
github.com/etboye/calculator/api/history.go:46.2,49.23 3 0
github.com/etboye/calculator/api/history.go:49.23,51.3 1 0
github.com/etboye/calculator/api/history.go:51.8,54.28 2 0
github.com/etboye/calculator/api/history.go:54.28,61.4 3 0
github.com/etboye/calculator/api/history.go:62.3,62.117 1 0
github.com/etboye/calculator/api/history.go:65.2,65.29 1 0
github.com/etboye/calculator/api/history.go:65.29,71.3 2 0
github.com/etboye/calculator/api/history.go:73.2,76.3 1 0
github.com/etboye/calculator/api/history.go:79.110,88.2 1 0
github.com/etboye/calculator/api/history.go:90.62,91.19 1 0
github.com/etboye/calculator/api/history.go:91.19,93.3 1 0
github.com/etboye/calculator/api/history.go:94.2,95.16 2 0
github.com/etboye/calculator/api/validation.go:15.48,18.46 2 0
github.com/etboye/calculator/api/validation.go:18.46,21.3 2 0
github.com/etboye/calculator/api/validation.go:23.2,23.41 1 0
github.com/etboye/calculator/api/validation.go:23.41,26.3 2 0
github.com/etboye/calculator/api/validation.go:28.2,28.41 1 0
github.com/etboye/calculator/api/validation.go:28.41,31.3 2 0
github.com/etboye/calculator/api/validation.go:33.2,33.12 1 0
github.com/etboye/calculator/calculation/expressioncalculator.go:18.76,20.2 1 0
github.com/etboye/calculator/calculation/expressioncalculator.go:22.60,25.2 2 0
github.com/etboye/calculator/calculation/expressioncalculator.go:27.80,31.31 1 0
github.com/etboye/calculator/calculation/expressioncalculator.go:31.31,31.72 1 0
github.com/etboye/calculator/calculation/expressioncalculator.go:34.2,34.16 1 0
github.com/etboye/calculator/calculation/expressioncalculator.go:34.16,37.3 2 0
github.com/etboye/calculator/calculation/expressioncalculator.go:39.2,41.16 2 0
github.com/etboye/calculator/calculation/expressioncalculator.go:41.16,48.3 3 0
github.com/etboye/calculator/calculation/expressioncalculator.go:50.2,56.58 2 0
github.com/etboye/calculator/calculation/expressionmodel.go:20.46,23.2 2 0
github.com/etboye/calculator/calculation/expressionmodel.go:53.35,54.11 1 0
github.com/etboye/calculator/calculation/expressionmodel.go:55.13,56.13 1 0
github.com/etboye/calculator/calculation/expressionmodel.go:57.13,58.13 1 0
github.com/etboye/calculator/calculation/expressionmodel.go:59.13,60.13 1 0
github.com/etboye/calculator/calculation/expressionmodel.go:61.13,62.13 1 0
github.com/etboye/calculator/calculation/expressionmodel.go:64.2,64.31 1 0
github.com/etboye/calculator/calculation/expressionmodel.go:67.33,68.33 1 0
github.com/etboye/calculator/calculation/expressionmodel.go:68.33,70.3 1 0
github.com/etboye/calculator/calculation/expressionmodel.go:70.8,70.37 1 0
github.com/etboye/calculator/calculation/expressionmodel.go:70.37,72.3 1 0
github.com/etboye/calculator/calculation/expressionmodel.go:73.2,73.45 1 0
github.com/etboye/calculator/calculation/expressionmodel.go:76.36,78.2 1 0
github.com/etboye/calculator/calculation/expressionmodel.go:80.32,82.28 2 0
github.com/etboye/calculator/calculation/expressionmodel.go:82.28,84.3 1 0
github.com/etboye/calculator/calculation/expressionmodel.go:85.2,85.31 1 0
github.com/etboye/calculator/calculation/expressionmodel.go:88.34,90.2 1 0
github.com/etboye/calculator/calculation/expressionmodel.go:92.38,94.28 2 0
github.com/etboye/calculator/calculation/expressionmodel.go:94.28,96.3 1 0
github.com/etboye/calculator/calculation/expressionmodel.go:97.2,97.31 1 0
github.com/etboye/calculator/calculation/expressionmodeleval.go:10.64,18.2 5 0
github.com/etboye/calculator/calculation/expressionmodeleval.go:20.41,23.16 2 0
github.com/etboye/calculator/calculation/expressionmodeleval.go:23.16,25.3 1 0
github.com/etboye/calculator/calculation/expressionmodeleval.go:27.2,27.20 1 0
github.com/etboye/calculator/calculation/expressionmodeleval.go:27.20,29.3 1 0
github.com/etboye/calculator/calculation/expressionmodeleval.go:31.2,31.33 1 0
github.com/etboye/calculator/calculation/expressionmodeleval.go:31.33,34.17 2 0
github.com/etboye/calculator/calculation/expressionmodeleval.go:34.17,36.4 1 0
github.com/etboye/calculator/calculation/expressionmodeleval.go:38.3,38.31 1 0
github.com/etboye/calculator/calculation/expressionmodeleval.go:38.31,40.4 1 0
github.com/etboye/calculator/calculation/expressionmodeleval.go:40.9,41.45 1 0
github.com/etboye/calculator/calculation/expressionmodeleval.go:41.45,43.5 1 0
github.com/etboye/calculator/calculation/expressionmodeleval.go:45.4,45.34 1 0
github.com/etboye/calculator/calculation/expressionmodeleval.go:49.2,49.20 1 0
github.com/etboye/calculator/calculation/expressionmodeleval.go:52.47,55.16 2 0
github.com/etboye/calculator/calculation/expressionmodeleval.go:55.16,57.3 1 0
github.com/etboye/calculator/calculation/expressionmodeleval.go:59.2,59.20 1 0
github.com/etboye/calculator/calculation/expressionmodeleval.go:59.20,61.3 1 0
github.com/etboye/calculator/calculation/expressionmodeleval.go:63.2,63.33 1 0
github.com/etboye/calculator/calculation/expressionmodeleval.go:63.33,66.17 2 0
github.com/etboye/calculator/calculation/expressionmodeleval.go:66.17,68.4 1 0
github.com/etboye/calculator/calculation/expressionmodeleval.go:70.3,70.31 1 0
github.com/etboye/calculator/calculation/expressionmodeleval.go:70.31,72.4 1 0
github.com/etboye/calculator/calculation/expressionmodeleval.go:72.9,74.4 1 0
github.com/etboye/calculator/calculation/expressionmodeleval.go:77.2,77.20 1 0
github.com/etboye/calculator/calculation/expressionmodeleval.go:80.42,81.30 1 0
github.com/etboye/calculator/calculation/expressionmodeleval.go:81.30,83.3 1 0
github.com/etboye/calculator/calculation/expressionmodeleval.go:83.8,83.40 1 0
github.com/etboye/calculator/calculation/expressionmodeleval.go:83.40,85.3 1 0
github.com/etboye/calculator/calculation/expressionmodeleval.go:87.2,87.31 1 0
github.com/etboye/calculator/calculation/expressionparser.go:18.74,19.40 1 0
github.com/etboye/calculator/calculation/expressionparser.go:19.40,22.3 2 0
github.com/etboye/calculator/calculation/expressionparser.go:24.2,26.23 2 0
github.com/etboye/calculator/calculation/expressionparser.go:26.23,30.3 2 0
github.com/etboye/calculator/calculation/expressionparser.go:32.2,36.16 3 0
github.com/etboye/calculator/calculation/expressionparser.go:36.16,39.3 2 0
github.com/etboye/calculator/calculation/expressionparser.go:41.2,42.24 2 0
github.com/etboye/calculator/calculation/expressionparser.go:45.45,64.2 3 0
github.com/etboye/calculator/calculation/expressionparser.go:66.100,71.31 3 0
github.com/etboye/calculator/calculation/expressionparser.go:71.31,73.3 1 0
github.com/etboye/calculator/calculation/expressionparser.go:75.2,75.26 1 0
github.com/etboye/calculator/main.go:13.13,18.16 3 0
github.com/etboye/calculator/main.go:18.16,21.3 2 0
github.com/etboye/calculator/main.go:23.2,29.31 3 0
github.com/etboye/calculator/api/compute.go:32.78,38.2 1 0
github.com/etboye/calculator/api/compute.go:40.130,43.35 2 0
github.com/etboye/calculator/api/compute.go:43.35,49.3 2 0
github.com/etboye/calculator/api/compute.go:51.2,52.40 2 0
github.com/etboye/calculator/api/compute.go:52.40,57.3 1 0
github.com/etboye/calculator/api/compute.go:59.2,63.29 3 0
github.com/etboye/calculator/api/compute.go:63.29,69.3 2 0
github.com/etboye/calculator/api/compute.go:71.2,76.3 1 0
github.com/etboye/calculator/api/history.go:31.118,33.2 1 0
github.com/etboye/calculator/api/history.go:35.146,38.35 2 0
github.com/etboye/calculator/api/history.go:38.35,44.3 2 0
github.com/etboye/calculator/api/history.go:46.2,49.23 3 0
github.com/etboye/calculator/api/history.go:49.23,51.3 1 0
github.com/etboye/calculator/api/history.go:51.8,54.28 2 0
github.com/etboye/calculator/api/history.go:54.28,61.4 3 0
github.com/etboye/calculator/api/history.go:62.3,62.117 1 0
github.com/etboye/calculator/api/history.go:65.2,65.29 1 0
github.com/etboye/calculator/api/history.go:65.29,71.3 2 0
github.com/etboye/calculator/api/history.go:73.2,76.3 1 0
github.com/etboye/calculator/api/history.go:79.110,88.2 1 0
github.com/etboye/calculator/api/history.go:90.62,91.19 1 0
github.com/etboye/calculator/api/history.go:91.19,93.3 1 0
github.com/etboye/calculator/api/history.go:94.2,95.16 2 0
github.com/etboye/calculator/api/validation.go:15.48,18.46 2 0
github.com/etboye/calculator/api/validation.go:18.46,21.3 2 0
github.com/etboye/calculator/api/validation.go:23.2,23.41 1 0
github.com/etboye/calculator/api/validation.go:23.41,26.3 2 0
github.com/etboye/calculator/api/validation.go:28.2,28.41 1 0
github.com/etboye/calculator/api/validation.go:28.41,31.3 2 0
github.com/etboye/calculator/api/validation.go:33.2,33.12 1 0
github.com/etboye/calculator/calculation/expressioncalculator.go:18.76,20.2 1 1
github.com/etboye/calculator/calculation/expressioncalculator.go:22.60,25.2 2 1
github.com/etboye/calculator/calculation/expressioncalculator.go:27.80,31.31 1 1
github.com/etboye/calculator/calculation/expressioncalculator.go:31.31,31.72 1 1
github.com/etboye/calculator/calculation/expressioncalculator.go:34.2,34.16 1 1
github.com/etboye/calculator/calculation/expressioncalculator.go:34.16,37.3 2 1
github.com/etboye/calculator/calculation/expressioncalculator.go:39.2,41.16 2 1
github.com/etboye/calculator/calculation/expressioncalculator.go:41.16,48.3 3 1
github.com/etboye/calculator/calculation/expressioncalculator.go:50.2,56.58 2 1
github.com/etboye/calculator/calculation/expressionmodel.go:20.46,23.2 2 1
github.com/etboye/calculator/calculation/expressionmodel.go:53.35,54.11 1 0
github.com/etboye/calculator/calculation/expressionmodel.go:55.13,56.13 1 0
github.com/etboye/calculator/calculation/expressionmodel.go:57.13,58.13 1 0
github.com/etboye/calculator/calculation/expressionmodel.go:59.13,60.13 1 0
github.com/etboye/calculator/calculation/expressionmodel.go:61.13,62.13 1 0
github.com/etboye/calculator/calculation/expressionmodel.go:64.2,64.31 1 0
github.com/etboye/calculator/calculation/expressionmodel.go:67.33,68.33 1 0
github.com/etboye/calculator/calculation/expressionmodel.go:68.33,70.3 1 0
github.com/etboye/calculator/calculation/expressionmodel.go:70.8,70.37 1 0
github.com/etboye/calculator/calculation/expressionmodel.go:70.37,72.3 1 0
github.com/etboye/calculator/calculation/expressionmodel.go:73.2,73.45 1 0
github.com/etboye/calculator/calculation/expressionmodel.go:76.36,78.2 1 0
github.com/etboye/calculator/calculation/expressionmodel.go:80.32,82.28 2 0
github.com/etboye/calculator/calculation/expressionmodel.go:82.28,84.3 1 0
github.com/etboye/calculator/calculation/expressionmodel.go:85.2,85.31 1 0
github.com/etboye/calculator/calculation/expressionmodel.go:88.34,90.2 1 0
github.com/etboye/calculator/calculation/expressionmodel.go:92.38,94.28 2 0
github.com/etboye/calculator/calculation/expressionmodel.go:94.28,96.3 1 0
github.com/etboye/calculator/calculation/expressionmodel.go:97.2,97.31 1 0
github.com/etboye/calculator/calculation/expressionmodeleval.go:10.64,18.2 5 1
github.com/etboye/calculator/calculation/expressionmodeleval.go:20.41,23.16 2 1
github.com/etboye/calculator/calculation/expressionmodeleval.go:23.16,25.3 1 1
github.com/etboye/calculator/calculation/expressionmodeleval.go:27.2,27.20 1 1
github.com/etboye/calculator/calculation/expressionmodeleval.go:27.20,29.3 1 1
github.com/etboye/calculator/calculation/expressionmodeleval.go:31.2,31.33 1 1
github.com/etboye/calculator/calculation/expressionmodeleval.go:31.33,34.17 2 1
github.com/etboye/calculator/calculation/expressionmodeleval.go:34.17,36.4 1 1
github.com/etboye/calculator/calculation/expressionmodeleval.go:38.3,38.31 1 1
github.com/etboye/calculator/calculation/expressionmodeleval.go:38.31,40.4 1 1
github.com/etboye/calculator/calculation/expressionmodeleval.go:40.9,41.45 1 1
github.com/etboye/calculator/calculation/expressionmodeleval.go:41.45,43.5 1 1
github.com/etboye/calculator/calculation/expressionmodeleval.go:45.4,45.34 1 1
github.com/etboye/calculator/calculation/expressionmodeleval.go:49.2,49.20 1 1
github.com/etboye/calculator/calculation/expressionmodeleval.go:52.47,55.16 2 1
github.com/etboye/calculator/calculation/expressionmodeleval.go:55.16,57.3 1 1
github.com/etboye/calculator/calculation/expressionmodeleval.go:59.2,59.20 1 1
github.com/etboye/calculator/calculation/expressionmodeleval.go:59.20,61.3 1 1
github.com/etboye/calculator/calculation/expressionmodeleval.go:63.2,63.33 1 1
github.com/etboye/calculator/calculation/expressionmodeleval.go:63.33,66.17 2 1
github.com/etboye/calculator/calculation/expressionmodeleval.go:66.17,68.4 1 1
github.com/etboye/calculator/calculation/expressionmodeleval.go:70.3,70.31 1 1
github.com/etboye/calculator/calculation/expressionmodeleval.go:70.31,72.4 1 1
github.com/etboye/calculator/calculation/expressionmodeleval.go:72.9,74.4 1 1
github.com/etboye/calculator/calculation/expressionmodeleval.go:77.2,77.20 1 1
github.com/etboye/calculator/calculation/expressionmodeleval.go:80.42,81.30 1 1
github.com/etboye/calculator/calculation/expressionmodeleval.go:81.30,83.3 1 1
github.com/etboye/calculator/calculation/expressionmodeleval.go:83.8,83.40 1 1
github.com/etboye/calculator/calculation/expressionmodeleval.go:83.40,85.3 1 1
github.com/etboye/calculator/calculation/expressionmodeleval.go:87.2,87.31 1 1
github.com/etboye/calculator/calculation/expressionparser.go:18.74,19.40 1 1
github.com/etboye/calculator/calculation/expressionparser.go:19.40,22.3 2 1
github.com/etboye/calculator/calculation/expressionparser.go:24.2,26.23 2 1
github.com/etboye/calculator/calculation/expressionparser.go:26.23,30.3 2 1
github.com/etboye/calculator/calculation/expressionparser.go:32.2,36.16 3 1
github.com/etboye/calculator/calculation/expressionparser.go:36.16,39.3 2 1
github.com/etboye/calculator/calculation/expressionparser.go:41.2,42.24 2 1
github.com/etboye/calculator/calculation/expressionparser.go:45.45,64.2 3 1
github.com/etboye/calculator/calculation/expressionparser.go:66.100,71.31 3 1
github.com/etboye/calculator/calculation/expressionparser.go:71.31,73.3 1 1
github.com/etboye/calculator/calculation/expressionparser.go:75.2,75.26 1 1
github.com/etboye/calculator/persistence/client.go:52.141,64.2 2 0
github.com/etboye/calculator/persistence/client.go:66.56,76.16 8 0
github.com/etboye/calculator/persistence/client.go:76.16,78.3 1 0
github.com/etboye/calculator/persistence/client.go:80.2,82.69 2 0
github.com/etboye/calculator/persistence/client.go:82.69,90.3 2 0
github.com/etboye/calculator/persistence/client.go:92.2,99.8 1 0
github.com/etboye/calculator/persistence/client.go:102.110,111.2 1 0
github.com/etboye/calculator/persistence/client.go:113.131,116.16 2 0
github.com/etboye/calculator/persistence/client.go:116.16,118.3 1 0
github.com/etboye/calculator/persistence/client.go:120.2,120.30 1 0
github.com/etboye/calculator/persistence/client.go:120.30,127.3 1 0
github.com/etboye/calculator/persistence/client.go:129.2,136.31 5 0
github.com/etboye/calculator/persistence/client.go:136.31,140.90 3 0
github.com/etboye/calculator/persistence/client.go:140.90,142.4 1 0
github.com/etboye/calculator/persistence/client.go:144.3,146.42 2 0
github.com/etboye/calculator/persistence/client.go:146.42,160.4 3 0
github.com/etboye/calculator/persistence/client.go:162.3,162.105 1 0
github.com/etboye/calculator/persistence/client.go:166.2,167.19 2 0
github.com/etboye/calculator/persistence/client.go:167.19,169.3 1 0
github.com/etboye/calculator/persistence/client.go:171.2,173.38 2 0
github.com/etboye/calculator/persistence/client.go:173.38,175.3 1 0
github.com/etboye/calculator/persistence/client.go:177.2,180.19 3 0
github.com/etboye/calculator/persistence/client.go:180.19,182.3 1 0
github.com/etboye/calculator/persistence/client.go:184.2,185.18 2 0
github.com/etboye/calculator/persistence/client.go:185.18,187.3 1 0
github.com/etboye/calculator/persistence/client.go:189.2,195.8 1 0
github.com/etboye/calculator/persistence/client.go:198.120,201.16 2 0
github.com/etboye/calculator/persistence/client.go:201.16,203.3 1 0
github.com/etboye/calculator/persistence/client.go:205.2,208.18 3 0
github.com/etboye/calculator/persistence/client.go:208.18,211.17 2 0
github.com/etboye/calculator/persistence/client.go:211.17,213.4 1 0
github.com/etboye/calculator/persistence/client.go:215.3,215.41 1 0
github.com/etboye/calculator/persistence/client.go:218.2,218.20 1 0
github.com/etboye/calculator/persistence/client.go:221.115,224.16 2 0
github.com/etboye/calculator/persistence/client.go:224.16,226.3 1 0
github.com/etboye/calculator/persistence/client.go:228.2,228.33 1 0
github.com/etboye/calculator/persistence/client.go:228.33,231.3 1 0
github.com/etboye/calculator/persistence/client.go:232.2,232.79 1 0
github.com/etboye/calculator/persistence/client.go:235.120,238.16 2 0
github.com/etboye/calculator/persistence/client.go:238.16,240.3 1 0
github.com/etboye/calculator/persistence/client.go:242.2,242.33 1 0
github.com/etboye/calculator/persistence/client.go:242.33,245.3 1 0
github.com/etboye/calculator/persistence/client.go:246.2,246.79 1 0
github.com/etboye/calculator/persistence/client.go:249.149,258.16 3 0
github.com/etboye/calculator/persistence/client.go:258.16,261.3 2 0
github.com/etboye/calculator/persistence/client.go:263.2,265.18 2 0
github.com/etboye/calculator/persistence/client.go:265.18,268.17 2 0
github.com/etboye/calculator/persistence/client.go:268.17,271.4 2 0
github.com/etboye/calculator/persistence/client.go:273.3,273.44 1 0
github.com/etboye/calculator/persistence/client.go:276.2,276.65 1 0
github.com/etboye/calculator/persistence/client.go:279.51,282.16 3 0
github.com/etboye/calculator/persistence/client.go:282.16,284.3 1 0
github.com/etboye/calculator/persistence/client.go:286.2,286.40 1 0
github.com/etboye/calculator/persistence/client.go:289.30,294.2 3 0
github.com/etboye/calculator/server/ginserver.go:21.72,28.2 4 0
github.com/etboye/calculator/server/ginserver.go:30.39,40.2 3 0
github.com/etboye/calculator/server/ginserver.go:42.69,43.67 1 0
github.com/etboye/calculator/server/ginserver.go:43.67,46.101 2 0
github.com/etboye/calculator/server/ginserver.go:46.101,51.4 4 0
github.com/etboye/calculator/server/ginserver.go:53.3,55.45 3 0
github.com/etboye/calculator/server/ginserver.go:58.2,58.66 1 0
github.com/etboye/calculator/server/ginserver.go:58.66,63.3 4 0
github.com/etboye/calculator/server/ginserver.go:66.49,70.2 3 0
github.com/etboye/calculator/server/ginserver.go:72.92,74.2 1 0
github.com/etboye/calculator/util/panicrecover.go:10.129,11.72 1 1
github.com/etboye/calculator/util/panicrecover.go:11.72,16.3 3 1
github.com/etboye/calculator/util/panicrecover.go:18.2,18.47 1 1
github.com/etboye/calculator/util/panicrecover.go:21.82,24.12 2 1
github.com/etboye/calculator/util/panicrecover.go:24.12,25.16 1 1
github.com/etboye/calculator/util/panicrecover.go:25.16,26.32 1 1
github.com/etboye/calculator/util/panicrecover.go:26.32,29.5 2 1
github.com/etboye/calculator/util/panicrecover.go:32.3,32.11 1 1
github.com/etboye/calculator/util/panicrecover.go:35.2,36.15 2 1
